0 info it worked if it ends with ok
1 verbose cli [ '/usr/local/bin/node',
1 verbose cli   '/usr/local/bin/npm',
1 verbose cli   'install',
1 verbose cli   '-g',
1 verbose cli   'yo' ]
2 info using npm@2.15.0
3 info using node@v4.4.2
4 verbose install initial load of /usr/local/lib/package.json
5 verbose readDependencies loading dependencies from /usr/local/lib/package.json
6 silly cache add args [ 'yo', null ]
7 verbose cache add spec yo
8 silly cache add parsed spec Result {
8 silly cache add   raw: 'yo',
8 silly cache add   scope: null,
8 silly cache add   name: 'yo',
8 silly cache add   rawSpec: '',
8 silly cache add   spec: 'latest',
8 silly cache add   type: 'tag' }
9 silly addNamed yo@latest
10 verbose addNamed "latest" is being treated as a dist-tag for yo
11 info addNameTag [ 'yo', 'latest' ]
12 silly mapToRegistry name yo
13 silly mapToRegistry using default registry
14 silly mapToRegistry registry https://registry.npmjs.org/
15 silly mapToRegistry data Result {
15 silly mapToRegistry   raw: 'yo',
15 silly mapToRegistry   scope: null,
15 silly mapToRegistry   name: 'yo',
15 silly mapToRegistry   rawSpec: '',
15 silly mapToRegistry   spec: 'latest',
15 silly mapToRegistry   type: 'tag' }
16 silly mapToRegistry uri https://registry.npmjs.org/yo
17 verbose addNameTag registry:https://registry.npmjs.org/yo not in flight; fetching
18 verbose request uri https://registry.npmjs.org/yo
19 verbose request no auth needed
20 info attempt registry request try #1 at 3:29:39 PM
21 verbose request id 257732f492d695f4
22 verbose etag W/"39c5ec412ad85ed3c478bead1a9cb041"
23 verbose lastModified Mon, 20 Aug 2018 06:56:37 GMT
24 http request GET https://registry.npmjs.org/yo
25 http 304 https://registry.npmjs.org/yo
26 verbose headers { date: 'Mon, 03 Sep 2018 20:29:39 GMT',
26 verbose headers   connection: 'keep-alive',
26 verbose headers   'set-cookie': [ '__cfduid=deee785ed77342494362e6afecb8f405c1536006579; expires=Tue, 03-Sep-19 20:29:39 GMT; path=/; domain=.registry.npmjs.org; HttpOnly' ],
26 verbose headers   'cf-cache-status': 'HIT',
26 verbose headers   'cache-control': 'max-age=300',
26 verbose headers   'cf-ray': '454af841bbe5501d-DEN',
26 verbose headers   etag: '"39c5ec412ad85ed3c478bead1a9cb041"',
26 verbose headers   'expect-ct': 'max-age=604800, report-uri="https://report-uri.cloudflare.com/cdn-cgi/beacon/expect-ct"',
26 verbose headers   'last-modified': 'Mon, 20 Aug 2018 06:56:37 GMT',
26 verbose headers   vary: 'accept-encoding, accept',
26 verbose headers   server: 'cloudflare' }
27 silly get cb [ 304,
27 silly get   { date: 'Mon, 03 Sep 2018 20:29:39 GMT',
27 silly get     connection: 'keep-alive',
27 silly get     'set-cookie': [ '__cfduid=deee785ed77342494362e6afecb8f405c1536006579; expires=Tue, 03-Sep-19 20:29:39 GMT; path=/; domain=.registry.npmjs.org; HttpOnly' ],
27 silly get     'cf-cache-status': 'HIT',
27 silly get     'cache-control': 'max-age=300',
27 silly get     'cf-ray': '454af841bbe5501d-DEN',
27 silly get     etag: '"39c5ec412ad85ed3c478bead1a9cb041"',
27 silly get     'expect-ct': 'max-age=604800, report-uri="https://report-uri.cloudflare.com/cdn-cgi/beacon/expect-ct"',
27 silly get     'last-modified': 'Mon, 20 Aug 2018 06:56:37 GMT',
27 silly get     vary: 'accept-encoding, accept',
27 silly get     server: 'cloudflare' } ]
28 verbose etag https://registry.npmjs.org/yo from cache
29 verbose get saving yo to /Users/psundriyal/.npm/registry.npmjs.org/yo/.cache.json
30 verbose correctMkdir /Users/psundriyal/.npm correctMkdir not in flight; initializing
31 silly addNameTag next cb for yo with tag latest
32 silly addNamed yo@2.0.5
33 verbose addNamed "2.0.5" is a plain semver version for yo
34 silly cache afterAdd yo@2.0.5
35 verbose afterAdd /Users/psundriyal/.npm/yo/2.0.5/package/package.json not in flight; writing
36 verbose correctMkdir /Users/psundriyal/.npm correctMkdir not in flight; initializing
37 verbose afterAdd /Users/psundriyal/.npm/yo/2.0.5/package/package.json written
38 silly install resolved [ { name: 'yo',
38 silly install resolved     version: '2.0.5',
38 silly install resolved     description: 'CLI tool for running Yeoman generators',
38 silly install resolved     license: 'BSD-2-Clause',
38 silly install resolved     repository: { type: 'git', url: 'git+https://github.com/yeoman/yo.git' },
38 silly install resolved     homepage: 'http://yeoman.io',
38 silly install resolved     author: { name: 'Yeoman' },
38 silly install resolved     main: 'lib',
38 silly install resolved     bin: { yo: 'lib/cli.js', 'yo-complete': 'lib/completion/index.js' },
38 silly install resolved     engines: { node: '>=6' },
38 silly install resolved     scripts:
38 silly install resolved      { postinstall: 'yodoctor',
38 silly install resolved        postupdate: 'yodoctor',
38 silly install resolved        pretest: 'xo',
38 silly install resolved        test: 'nyc mocha --timeout=10000',
38 silly install resolved        coverage: 'nyc report --reporter=text-lcov | coveralls' },
38 silly install resolved     files: [ 'lib' ],
38 silly install resolved     keywords:
38 silly install resolved      [ 'cli-app',
38 silly install resolved        'cli',
38 silly install resolved        'front-end',
38 silly install resolved        'development',
38 silly install resolved        'dev',
38 silly install resolved        'build',
38 silly install resolved        'web',
38 silly install resolved        'tool',
38 silly install resolved        'scaffold',
38 silly install resolved        'stack',
38 silly install resolved        'yeoman',
38 silly install resolved        'generator',
38 silly install resolved        'generate',
38 silly install resolved        'app',
38 silly install resolved        'boilerplate' ],
38 silly install resolved     dependencies:
38 silly install resolved      { async: '^2.6.1',
38 silly install resolved        chalk: '^2.4.1',
38 silly install resolved        'cli-list': '^0.2.0',
38 silly install resolved        configstore: '^3.1.2',
38 silly install resolved        'cross-spawn': '^6.0.5',
38 silly install resolved        figures: '^2.0.0',
38 silly install resolved        fullname: '^3.2.0',
38 silly install resolved        'global-tunnel-ng': '^2.5.3',
38 silly install resolved        got: '^8.3.2',
38 silly install resolved        'humanize-string': '^1.0.2',
38 silly install resolved        inquirer: '^6.0.0',
38 silly install resolved        insight: '^0.10.1',
38 silly install resolved        lodash: '^4.17.10',
38 silly install resolved        meow: '^3.0.0',
38 silly install resolved        'npm-keyword': '^5.0.0',
38 silly install resolved        opn: '^5.3.0',
38 silly install resolved        'package-json': '^5.0.0',
38 silly install resolved        'parse-help': '^1.0.0',
38 silly install resolved        'read-pkg-up': '^4.0.0',
38 silly install resolved        'root-check': '^1.0.0',
38 silly install resolved        'sort-on': '^3.0.0',
38 silly install resolved        'string-length': '^2.0.0',
38 silly install resolved        tabtab: '^1.3.2',
38 silly install resolved        titleize: '^1.0.1',
38 silly install resolved        'update-notifier': '^2.5.0',
38 silly install resolved        'user-home': '^2.0.0',
38 silly install resolved        'yeoman-character': '^1.0.0',
38 silly install resolved        'yeoman-doctor': '^3.0.1',
38 silly install resolved        'yeoman-environment': '^2.3.0',
38 silly install resolved        yosay: '^2.0.2' },
38 silly install resolved     devDependencies:
38 silly install resolved      { coveralls: '^3.0.2',
38 silly install resolved        mocha: '^5.2.0',
38 silly install resolved        mockery: '^2.0.0',
38 silly install resolved        nock: '^9.4.1',
38 silly install resolved        nyc: '^12.0.2',
38 silly install resolved        proxyquire: '^2.0.1',
38 silly install resolved        'registry-url': '^4.0.0',
38 silly install resolved        sinon: '^6.1.3',
38 silly install resolved        xo: '^0.21.1' },
38 silly install resolved     resolutions: { natives: '1.1.3' },
38 silly install resolved     tabtab: { yo: [Object] },
38 silly install resolved     xo: { space: true, overrides: [Object] },
38 silly install resolved     gitHead: 'db5372d666d50774f223656422004283dd73d51a',
38 silly install resolved     bugs: { url: 'https://github.com/yeoman/yo/issues' },
38 silly install resolved     _id: 'yo@2.0.5',
38 silly install resolved     _npmVersion: '6.2.0',
38 silly install resolved     _nodeVersion: '10.5.0',
38 silly install resolved     _npmUser: { name: 'sboudrias', email: 'admin@simonboudrias.com' },
38 silly install resolved     dist:
38 silly install resolved      { integrity: 'sha512-PLyTNZSJjHkks/FIln+QE5PxV224MsekCzbROVhZEW0MvLyj/6ghWIVkdBmrwdAbapH8H9q21F1/pQ9Q0Lk9UA==',
38 silly install resolved        shasum: '2f747f5d279ab777e0167b0aa63d7b607507d73d',
38 silly install resolved        tarball: 'https://registry.npmjs.org/yo/-/yo-2.0.5.tgz',
38 silly install resolved        fileCount: 16,
38 silly install resolved        unpackedSize: 37758,
38 silly install resolved        'npm-signature': '-----BEGIN PGP SIGNATURE-----\r\nVersion: OpenPGP.js v3.0.4\r\nComment: https://openpgpjs.org\r\n\r\nwsFcBAEBCAAQBQJbVymSCRA9TVsSAnZWagAAB9YP/1cR2A1U2WXszfmiz68T\nY9fXli/rl7Jk4pxT9CSOr2hWfkh9tY1G5oNMMQuYllWC1gnHYQqspL5yVthZ\ngnS5u8xl11R7cFmDKUmt6NNBQB3+KA+6MC83xpwuu50gJnfFNtt1zWZpOnDD\n5PAM3rUVmRc3y55b7O9jcnEkKomffSOQwOSDa06xRAvaSEPiuHTetr51GuSo\nLb/kXDk3KOZllU96noRO2WoHjAOIxU7u1iXRomKGnErpFAOf4JDniSfYMOFF\ndSZj8JGNebFI5cIPPprwwE6RBe7Ig2RWN48GsvmqFmg3imEmxmIyga+b/112\nm9HFqTNaGgcRQPOBznj9Q/cwokFhN0RJw1XepCUhLsnoevBgYwaP4Hlw8Igb\nIHLxyX4theSwi02tirGGIo0Td8e9arh69s5fqcMw8VeWS+/vwaVlMEyygkq3\nlJ+8eOFcfjhERuf9b0BQ0ElU4m7t0c3jkSPPn/zRCDAVg+3IDY7zOGxCQoJP\nWUkeDR4w5CGYMnaL2wxVlAKpESxPchWzFHZ2iEKGAas/ogkk0NhJNoK18qod\nxybfIlBdvfe6Y7+UX5RSTvZEFgs3oxCuFDMzB73f7tFf+HjzVsGdN/yMf0ry\nqFONi17UOcQtP4qJky1oedIQmmtPhAJD2CW+pKthy1RSyobrj+97/CYUanyg\n8PGi\r\n=a9pC\r\n-----END PGP SIGNATURE-----\r\n' },
38 silly install resolved     maintainers:
38 silly install resolved      [ [Object],
38 silly install resolved        [Object],
38 silly install resolved        [Object],
38 silly install resolved        [Object],
38 silly install resolved        [Object],
38 silly install resolved        [Object],
38 silly install resolved        [Object],
38 silly install resolved        [Object],
38 silly install resolved        [Object],
38 silly install resolved        [Object] ],
38 silly install resolved     directories: {},
38 silly install resolved     _npmOperationalInternal:
38 silly install resolved      { host: 's3://npm-registry-packages',
38 silly install resolved        tmp: 'tmp/yo_2.0.5_1532438930095_0.41761153750052316' },
38 silly install resolved     _shasum: '2f747f5d279ab777e0167b0aa63d7b607507d73d',
38 silly install resolved     _resolved: 'https://registry.npmjs.org/yo/-/yo-2.0.5.tgz',
38 silly install resolved     _from: 'yo@latest',
38 silly install resolved     readme: 'ERROR: No README data found!' } ]
39 info install yo@2.0.5 into /usr/local/lib
40 info installOne yo@2.0.5
41 verbose installOne of yo to /usr/local/lib not in flight; installing
42 verbose correctMkdir /Users/psundriyal/.npm/_locks correctMkdir not in flight; initializing
43 verbose lock using /Users/psundriyal/.npm/_locks/yo-c80abb7e04f27e35.lock for /usr/local/lib/node_modules/yo
44 warn engine yo@2.0.5: wanted: {"node":">=6"} (current: {"node":"4.4.2","npm":"2.15.0"})
45 silly install write writing yo 2.0.5 to /usr/local/lib/node_modules/yo
46 verbose unbuild lib/node_modules/yo
47 info preuninstall yo@2.0.1
48 info uninstall yo@2.0.1
49 verbose unbuild rmStuff yo@2.0.1 from /usr/local/lib/node_modules
50 silly gentlyRm /usr/local/bin/yo is being gently removed
51 silly gentlyRm verifying /usr/local is an npm working directory
52 silly gentlyRm /usr/local/bin/yo-complete is being gently removed
53 silly gentlyRm verifying /usr/local is an npm working directory
54 silly gentlyRm containing path /usr/local is under npm's control, in /usr/local
55 silly gentlyRm deletion target /usr/local/bin/yo is under /usr/local
56 verbose gentlyRm vacuuming from /usr/local/bin/yo up to /usr/local
57 silly gentlyRm containing path /usr/local is under npm's control, in /usr/local
58 silly gentlyRm deletion target /usr/local/bin/yo-complete is under /usr/local
59 verbose gentlyRm vacuuming from /usr/local/bin/yo-complete up to /usr/local
60 info postuninstall yo@2.0.1
61 silly gentlyRm /usr/local/lib/node_modules/yo is being purged from base /usr/local
62 verbose gentlyRm don't care about contents; nuking /usr/local/lib/node_modules/yo
63 silly vacuum-fs purging /usr/local/lib/node_modules/yo
64 verbose unlock done using /Users/psundriyal/.npm/_locks/yo-c80abb7e04f27e35.lock for /usr/local/lib/node_modules/yo
65 verbose stack Error: EACCES: permission denied, rmdir '/usr/local/lib/node_modules/yo'
65 verbose stack     at Error (native)
66 verbose cwd /Users/psundriyal/expedia/temp/package-deals
67 error Darwin 17.7.0
68 error argv "/usr/local/bin/node" "/usr/local/bin/npm" "install" "-g" "yo"
69 error node v4.4.2
70 error npm  v2.15.0
71 error path /usr/local/lib/node_modules/yo
72 error code EACCES
73 error errno -13
74 error syscall rmdir
75 error Error: EACCES: permission denied, rmdir '/usr/local/lib/node_modules/yo'
75 error     at Error (native)
75 error  { [Error: EACCES: permission denied, rmdir '/usr/local/lib/node_modules/yo']
75 error   errno: -13,
75 error   code: 'EACCES',
75 error   syscall: 'rmdir',
75 error   path: '/usr/local/lib/node_modules/yo' }
76 error Please try running this command again as root/Administrator.
77 verbose exit [ -13, true ]
78 verbose unbuild lib/node_modules/yo
79 info preuninstall yo@2.0.1
80 info uninstall yo@2.0.1
81 verbose unbuild rmStuff yo@2.0.1 from /usr/local/lib/node_modules
82 silly gentlyRm /usr/local/bin/yo is being gently removed
83 silly gentlyRm verifying /usr/local is an npm working directory
84 silly gentlyRm /usr/local/bin/yo-complete is being gently removed
85 silly gentlyRm verifying /usr/local is an npm working directory
86 silly gentlyRm containing path /usr/local is under npm's control, in /usr/local
87 silly gentlyRm deletion target /usr/local/bin/yo is under /usr/local
88 verbose gentlyRm vacuuming from /usr/local/bin/yo up to /usr/local
89 silly gentlyRm containing path /usr/local is under npm's control, in /usr/local
90 silly gentlyRm deletion target /usr/local/bin/yo-complete is under /usr/local
91 verbose gentlyRm vacuuming from /usr/local/bin/yo-complete up to /usr/local
92 info postuninstall yo@2.0.1
93 silly gentlyRm /usr/local/lib/node_modules/yo is being purged from base /usr/local
94 verbose gentlyRm don't care about contents; nuking /usr/local/lib/node_modules/yo
95 silly vacuum-fs purging /usr/local/lib/node_modules/yo
96 error error rolling back Error: EACCES: permission denied, rmdir '/usr/local/lib/node_modules/yo'
96 error error rolling back     at Error (native)
96 error error rolling back  { [Error: EACCES: permission denied, rmdir '/usr/local/lib/node_modules/yo']
96 error error rolling back   errno: -13,
96 error error rolling back   code: 'EACCES',
96 error error rolling back   syscall: 'rmdir',
96 error error rolling back   path: '/usr/local/lib/node_modules/yo' }
